xrun(64): 22.03-s012: (c) Copyright 1995-2023 Cadence Design Systems, Inc.
TOOL:	xrun(64)	22.03-s012: Started on Aug 31, 2025 at 18:54:21 CDT
xrun
	-f run.f
		-timescale 1ns/1ns
		-64
		-uvmhome /opt/coe/cadence/XCELIUM/tools/methodology/UVM/CDNS-1.1d/sv
		-incdir ../sv
		hw_top.sv
		clkgen.sv
		../sv/yapp_pkg.sv
		../sv/yapp_if.sv
		../../router_rtl/yapp_router.sv
		tb_top.sv
	+UVM_VERBOSITY=UVM_FULL

   User defined plus("+") options:
	+UVM_VERBOSITY=UVM_FULL

Recompiling... reason: file './tb_top.sv' is newer than expected.
	expected: Sun Aug 31 18:48:57 2025
	actual:   Sun Aug 31 18:54:20 2025
Compiling UVM packages (uvm_pkg.sv cdns_uvm_pkg.sv) using uvmhome location /opt/coe/cadence/XCELIUM/tools/methodology/UVM/CDNS-1.1d/sv
file: ../sv/yapp_pkg.sv
package yapp_pkg;
               |
xmvlog: *W,TSNSPK (../sv/yapp_pkg.sv,1|15): `timescale is not specified for the package.  The default timescale of 1ns/1ns will be assumed for this package.
file: tb_top.sv
	module worklib.tb_top:sv
		errors: 0, warnings: 0
		Caching library 'worklib' ....... Done
	Elaborating the design hierarchy:
	Top level design units:
		$unit_0x63b5b2dd
		uvm_pkg
		cdns_uvmapi
		cdns_assert2uvm_pkg
		cdns_uvm_pkg
		yapp_pkg
		hw_top
		tb_top
xmelab: *W,DSEMEL: This SystemVerilog design will be simulated as per IEEE 1800-2009 SystemVerilog simulation semantics. Use -disable_sem2009 option for turning off SV 2009 simulation semantics.
	Building instance overlay tables: .................... Done
	Generating native compiled code:
		worklib.tb_top:sv <0x32f45881>
			streams: 157, words: 115516
	Building instance specific data structures.
	Loading native compiled code:     .................... Done
	Design hierarchy summary:
		                       Instances  Unique
		Modules:                       9       7
		Interfaces:                    1       1
		Verilog packages:              5       5
		Registers:                 14499   10543
		Scalar wires:                 45       -
		Vectored wires:               24       -
		Named events:                  5      13
		Always blocks:                18      14
		Initial blocks:              326     172
		Parallel blocks:              29      30
		Cont. assignments:            16      41
		Pseudo assignments:           10      10
		Assertions:                    3       3
		Compilation units:             1       1
		SV Class declarations:       211     325
		SV Class specializations:    406     406
		Simulation timescale:      100ps
	Writing initial simulation snapshot: worklib.hw_top:sv
Loading snapshot worklib.hw_top:sv .................... Done
SVSEED default: 1
xmsim: *W,DSEM2009: This SystemVerilog design is simulated as per IEEE 1800-2009 SystemVerilog simulation semantics. Use -disable_sem2009 option for turning off SV 2009 simulation semantics.
xcelium> source /opt/coe/cadence/XCELIUM/tools/xcelium/files/xmsimrc
xcelium> source /opt/coe/cadence/XCELIUM/tools/methodology/UVM/CDNS-1.1d/sv/files/tcl/uvm_sim.tcl
xcelium> run
----------------------------------------------------------------
CDNS-UVM-1.1d (22.03-s012)
(C) 2007-2013 Mentor Graphics Corporation
(C) 2007-2013 Cadence Design Systems, Inc.
(C) 2006-2013 Synopsys, Inc.
(C) 2011-2013 Cypress Semiconductor Corp.
----------------------------------------------------------------

  ***********       IMPORTANT RELEASE NOTES         ************

  You are using a version of the UVM library that has been compiled
  with `UVM_NO_DEPRECATED undefined.
  See http://www.eda.org/svdb/view.php?id=3313 for more details.

  You are using a version of the UVM library that has been compiled
  with `UVM_OBJECT_MUST_HAVE_CONSTRUCTOR undefined.
  See http://www.eda.org/svdb/view.php?id=3770 for more details.

      (Specify +UVM_NO_RELNOTES to turn off this notice)

UVM_INFO @ 0: reporter [RNTST] Running test yapp_012_test...
UVM_INFO router_test_lib.sv(17) @ 0: uvm_test_top [yapp_012_test] Printing UVM topology
UVM_INFO @ 0: reporter [UVMTOP] UVM testbench topology:
----------------------------------------
Name          Type           Size  Value
----------------------------------------
uvm_test_top  yapp_012_test  -     @2640
----------------------------------------

UVM_INFO router_test_lib.sv(22) @ 0: uvm_test_top [yapp_012_test] build phase of the test is being executed
UVM_INFO router_test_lib.sv(174) @ 0: uvm_test_top [yapp_012_test] Printing UVM topology
UVM_INFO @ 0: reporter [UVMTOP] UVM testbench topology:
------------------------------------------------
Name                  Type           Size  Value
------------------------------------------------
uvm_test_top          yapp_012_test  -     @2640
  tb                  router_tb      -     @2732
    recording_detail  integral       32    'd1  
------------------------------------------------

UVM_INFO router_test_lib.sv(177) @ 0: uvm_test_top [yapp_012_test] build phase of the yapp_012_test test is being executed
UVM_INFO router_tb.sv(17) @ 0: uvm_test_top.tb [router_tb] build phase of the testbench is being executed.
UVM_INFO router_tb.sv(18) @ 0: uvm_test_top.tb [router_tb] Printing UVM topology
UVM_INFO @ 0: reporter [UVMTOP] UVM testbench topology:
--------------------------------------------------
Name                    Type           Size  Value
--------------------------------------------------
uvm_test_top            yapp_012_test  -     @2640
  tb                    router_tb      -     @2732
    env                 yapp_env       -     @2718
      recording_detail  integral       32    'd1  
    recording_detail    integral       32    'd1  
--------------------------------------------------

UVM_INFO @ 0: reporter [UVMTOP] UVM testbench topology:
-----------------------------------------------------------------------
Name                          Type                     Size  Value     
-----------------------------------------------------------------------
uvm_test_top                  yapp_012_test            -     @2640     
  tb                          router_tb                -     @2732     
    env                       yapp_env                 -     @2718     
      agent                   yapp_tx_agent            -     @2825     
        driver                yapp_tx_driver           -     @2842     
          rsp_port            uvm_analysis_port        -     @2981     
            recording_detail  integral                 32    'd1       
          seq_item_port       uvm_seq_item_pull_port   -     @2930     
            recording_detail  integral                 32    'd1       
          recording_detail    integral                 32    'd1       
        monitor               yapp_tx_monitor          -     @2848     
          recording_detail    integral                 32    'd1       
        sequencer             yapp_tx_sequencer        -     @2960     
          rsp_export          uvm_analysis_export      -     @3071     
            recording_detail  integral                 32    'd1       
          seq_item_export     uvm_seq_item_pull_imp    -     @3619     
            recording_detail  integral                 32    'd1       
          recording_detail    integral                 32    'd1       
          arbitration_queue   array                    0     -         
          lock_queue          array                    0     -         
          num_last_reqs       integral                 32    'd1       
          num_last_rsps       integral                 32    'd1       
        is_active             uvm_active_passive_enum  1     UVM_ACTIVE
        recording_detail      integral                 32    'd1       
      recording_detail        integral                 32    'd1       
    recording_detail          integral                 32    'd1       
-----------------------------------------------------------------------

UVM_INFO /opt/coe/cadence/XCELIUM/tools/methodology/UVM/CDNS-1.1d/sv/src/seq/uvm_sequencer_base.svh(1391) @ 0: uvm_test_top.tb.env.agent.sequencer [PHASESEQ] Starting default sequence 'yapp_012_seq' for phase 'run'
SDI/Verilog Transaction Recording Facility Version 22.03-s012
UVM_INFO ../sv/yapp_tx_monitor.sv(27) @ 0: uvm_test_top.tb.env.agent.monitor [MONITOR INFO] You are in the MONITOR
UVM_INFO ../sv/yapp_tx_seqs.sv(37) @ 0: uvm_test_top.tb.env.agent.sequencer@@yapp_012_seq [yapp_012_seq] raise objection
UVM_INFO ../sv/yapp_tx_seqs.sv(120) @ 0: uvm_test_top.tb.env.agent.sequencer@@yapp_012_seq [yapp_012_seq] Executing yapp_012_seq sequence
UVM_INFO /opt/coe/cadence/XCELIUM/tools/methodology/UVM/CDNS-1.1d/sv/src/seq/uvm_sequencer_base.svh(1385) @ 0: uvm_test_top.tb.env.agent.sequencer [PHASESEQ] No default phase sequence for phase 'pre_reset'
UVM_INFO /opt/coe/cadence/XCELIUM/tools/methodology/UVM/CDNS-1.1d/sv/src/seq/uvm_sequencer_base.svh(1385) @ 0: uvm_test_top.tb.env.agent.sequencer [PHASESEQ] No default phase sequence for phase 'reset'
UVM_INFO /opt/coe/cadence/XCELIUM/tools/methodology/UVM/CDNS-1.1d/sv/src/seq/uvm_sequencer_base.svh(1385) @ 0: uvm_test_top.tb.env.agent.sequencer [PHASESEQ] No default phase sequence for phase 'post_reset'
UVM_INFO /opt/coe/cadence/XCELIUM/tools/methodology/UVM/CDNS-1.1d/sv/src/seq/uvm_sequencer_base.svh(1385) @ 0: uvm_test_top.tb.env.agent.sequencer [PHASESEQ] No default phase sequence for phase 'pre_configure'
UVM_INFO /opt/coe/cadence/XCELIUM/tools/methodology/UVM/CDNS-1.1d/sv/src/seq/uvm_sequencer_base.svh(1385) @ 0: uvm_test_top.tb.env.agent.sequencer [PHASESEQ] No default phase sequence for phase 'configure'
UVM_INFO /opt/coe/cadence/XCELIUM/tools/methodology/UVM/CDNS-1.1d/sv/src/seq/uvm_sequencer_base.svh(1385) @ 0: uvm_test_top.tb.env.agent.sequencer [PHASESEQ] No default phase sequence for phase 'post_configure'
UVM_INFO /opt/coe/cadence/XCELIUM/tools/methodology/UVM/CDNS-1.1d/sv/src/seq/uvm_sequencer_base.svh(1385) @ 0: uvm_test_top.tb.env.agent.sequencer [PHASESEQ] No default phase sequence for phase 'pre_main'
UVM_INFO /opt/coe/cadence/XCELIUM/tools/methodology/UVM/CDNS-1.1d/sv/src/seq/uvm_sequencer_base.svh(1385) @ 0: uvm_test_top.tb.env.agent.sequencer [PHASESEQ] No default phase sequence for phase 'main'
UVM_INFO /opt/coe/cadence/XCELIUM/tools/methodology/UVM/CDNS-1.1d/sv/src/seq/uvm_sequencer_base.svh(1385) @ 0: uvm_test_top.tb.env.agent.sequencer [PHASESEQ] No default phase sequence for phase 'post_main'
UVM_INFO /opt/coe/cadence/XCELIUM/tools/methodology/UVM/CDNS-1.1d/sv/src/seq/uvm_sequencer_base.svh(1385) @ 0: uvm_test_top.tb.env.agent.sequencer [PHASESEQ] No default phase sequence for phase 'pre_shutdown'
UVM_INFO /opt/coe/cadence/XCELIUM/tools/methodology/UVM/CDNS-1.1d/sv/src/seq/uvm_sequencer_base.svh(1385) @ 0: uvm_test_top.tb.env.agent.sequencer [PHASESEQ] No default phase sequence for phase 'shutdown'
UVM_INFO /opt/coe/cadence/XCELIUM/tools/methodology/UVM/CDNS-1.1d/sv/src/seq/uvm_sequencer_base.svh(1385) @ 0: uvm_test_top.tb.env.agent.sequencer [PHASESEQ] No default phase sequence for phase 'post_shutdown'
DUT_INFO: time=0, hw_in_data=xx
DUT_INFO: time=10, hw_in_data=zz
UVM_INFO ../sv/yapp_tx_driver.sv(36) @ 60: uvm_test_top.tb.env.agent.driver [yapp_tx_driver] Reset dropped
UVM_INFO ../sv/yapp_tx_monitor.sv(32) @ 60: uvm_test_top.tb.env.agent.monitor [yapp_tx_monitor] Detected Reset Done
UVM_INFO ../sv/yapp_tx_driver.sv(41) @ 60: uvm_test_top.tb.env.agent.driver [yapp_tx_driver] Sending Packet :
---------------------------------------------------------------------------------------------------
Name                           Type          Size  Value                                           
---------------------------------------------------------------------------------------------------
req                            short_packet  -     @3719                                           
  length                       integral      6     'hc                                             
  addr                         integral      2     'h0                                             
  payload                      da(integral)  12    -                                               
    [0]                        integral      8     'h44                                            
    [1]                        integral      8     'hc4                                            
    [2]                        integral      8     'h69                                            
    [3]                        integral      8     'hef                                            
    [4]                        integral      8     'hcf                                            
    ...                        ...           ...   ...                                             
    [7]                        integral      8     'h79                                            
    [8]                        integral      8     'hc4                                            
    [9]                        integral      8     'h95                                            
    [10]                       integral      8     'hdc                                            
    [11]                       integral      8     'h9a                                            
  parity                       integral      8     'h4f                                            
  begin_time                   time          64    60                                              
  depth                        int           32    'd2                                             
  parent sequence (name)       string        12    yapp_012_seq                                    
  parent sequence (full name)  string        48    uvm_test_top.tb.env.agent.sequencer.yapp_012_seq
  sequencer                    string        35    uvm_test_top.tb.env.agent.sequencer             
---------------------------------------------------------------------------------------------------

DUT_INFO: time=350, hw_in_data=30
UVM_INFO ../sv/yapp_if.sv(89) @ 400: reporter [YAPP_IF] collect packets
DUT_INFO: time=450, hw_in_data=44
DUT_INFO: time=550, hw_in_data=c4
DUT_INFO: time=650, hw_in_data=69
DUT_INFO: time=750, hw_in_data=ef
DUT_INFO: time=850, hw_in_data=cf
DUT_INFO: time=950, hw_in_data=6f
DUT_INFO: time=1050, hw_in_data=b7
DUT_INFO: time=1150, hw_in_data=79
DUT_INFO: time=1250, hw_in_data=c4
DUT_INFO: time=1350, hw_in_data=95
DUT_INFO: time=1450, hw_in_data=dc
DUT_INFO: time=1550, hw_in_data=9a
DUT_INFO: time=1650, hw_in_data=4f
UVM_INFO ../sv/yapp_tx_monitor.sv(48) @ 1700: uvm_test_top.tb.env.agent.monitor [yapp_tx_monitor] Packet Collected :
---------------------------------------
Name          Type          Size  Value
---------------------------------------
pkt           short_packet  -     @3684
  length      integral      6     'hc  
  addr        integral      2     'h0  
  payload     da(integral)  12    -    
    [0]       integral      8     'h44 
    [1]       integral      8     'hc4 
    [2]       integral      8     'h69 
    [3]       integral      8     'hef 
    [4]       integral      8     'hcf 
    ...       ...           ...   ...  
    [7]       integral      8     'h79 
    [8]       integral      8     'hc4 
    [9]       integral      8     'h95 
    [10]      integral      8     'hdc 
    [11]      integral      8     'h9a 
  parity      integral      8     'h4f 
  begin_time  time          64    400  
  end_time    time          64    1700 
---------------------------------------

UVM_INFO ../sv/yapp_tx_driver.sv(41) @ 1750: uvm_test_top.tb.env.agent.driver [yapp_tx_driver] Sending Packet :
---------------------------------------------------------------------------------------------------
Name                           Type          Size  Value                                           
---------------------------------------------------------------------------------------------------
req                            short_packet  -     @3783                                           
  length                       integral      6     'h9                                             
  addr                         integral      2     'h1                                             
  payload                      da(integral)  9     -                                               
    [0]                        integral      8     'h60                                            
    [1]                        integral      8     'h49                                            
    [2]                        integral      8     'hbc                                            
    [3]                        integral      8     'h7a                                            
    [4]                        integral      8     'h20                                            
    [5]                        integral      8     'h2b                                            
    [6]                        integral      8     'hda                                            
    [7]                        integral      8     'h84                                            
    [8]                        integral      8     'hb                                             
  parity                       integral      8     'h94                                            
  begin_time                   time          64    1750                                            
  depth                        int           32    'd2                                             
  parent sequence (name)       string        12    yapp_012_seq                                    
  parent sequence (full name)  string        48    uvm_test_top.tb.env.agent.sequencer.yapp_012_seq
  sequencer                    string        35    uvm_test_top.tb.env.agent.sequencer             
---------------------------------------------------------------------------------------------------

DUT_INFO: time=1750, hw_in_data=zz
DUT_INFO: time=2950, hw_in_data=25
UVM_INFO ../sv/yapp_if.sv(89) @ 3000: reporter [YAPP_IF] collect packets
DUT_INFO: time=3050, hw_in_data=60
DUT_INFO: time=3150, hw_in_data=49
DUT_INFO: time=3250, hw_in_data=bc
DUT_INFO: time=3350, hw_in_data=7a
DUT_INFO: time=3450, hw_in_data=20
DUT_INFO: time=3550, hw_in_data=2b
DUT_INFO: time=3650, hw_in_data=da
DUT_INFO: time=3750, hw_in_data=84
DUT_INFO: time=3850, hw_in_data=0b
DUT_INFO: time=3950, hw_in_data=94
UVM_INFO ../sv/yapp_tx_monitor.sv(48) @ 4000: uvm_test_top.tb.env.agent.monitor [yapp_tx_monitor] Packet Collected :
---------------------------------------
Name          Type          Size  Value
---------------------------------------
pkt           short_packet  -     @3883
  length      integral      6     'h9  
  addr        integral      2     'h1  
  payload     da(integral)  9     -    
    [0]       integral      8     'h60 
    [1]       integral      8     'h49 
    [2]       integral      8     'hbc 
    [3]       integral      8     'h7a 
    [4]       integral      8     'h20 
    [5]       integral      8     'h2b 
    [6]       integral      8     'hda 
    [7]       integral      8     'h84 
    [8]       integral      8     'hb  
  parity      integral      8     'h94 
  begin_time  time          64    3000 
  end_time    time          64    4000 
---------------------------------------

UVM_INFO ../sv/yapp_tx_driver.sv(41) @ 4050: uvm_test_top.tb.env.agent.driver [yapp_tx_driver] Sending Packet :
---------------------------------------------------------------------------------------------------
Name                           Type          Size  Value                                           
---------------------------------------------------------------------------------------------------
req                            short_packet  -     @3742                                           
  length                       integral      6     'h9                                             
  addr                         integral      2     'h3                                             
  payload                      da(integral)  9     -                                               
    [0]                        integral      8     'hd                                             
    [1]                        integral      8     'h4b                                            
    [2]                        integral      8     'h9d                                            
    [3]                        integral      8     'h4d                                            
    [4]                        integral      8     'hd6                                            
    [5]                        integral      8     'hc5                                            
    [6]                        integral      8     'ha3                                            
    [7]                        integral      8     'h8f                                            
    [8]                        integral      8     'h27                                            
  parity                       integral      8     'ha9                                            
  begin_time                   time          64    4050                                            
  depth                        int           32    'd2                                             
  parent sequence (name)       string        12    yapp_012_seq                                    
  parent sequence (full name)  string        48    uvm_test_top.tb.env.agent.sequencer.yapp_012_seq
  sequencer                    string        35    uvm_test_top.tb.env.agent.sequencer             
---------------------------------------------------------------------------------------------------

DUT_INFO: time=4050, hw_in_data=zz
ROUTER DROPS PACKET - ADDRESS is 3
DUT_INFO: time=5950, hw_in_data=27
UVM_INFO ../sv/yapp_if.sv(89) @ 6000: reporter [YAPP_IF] collect packets
DUT_INFO: time=6050, hw_in_data=0d
DUT_INFO: time=6150, hw_in_data=4b
DUT_INFO: time=6250, hw_in_data=9d
DUT_INFO: time=6350, hw_in_data=4d
DUT_INFO: time=6450, hw_in_data=d6
DUT_INFO: time=6550, hw_in_data=c5
DUT_INFO: time=6650, hw_in_data=a3
DUT_INFO: time=6750, hw_in_data=8f
DUT_INFO: time=6850, hw_in_data=27
DUT_INFO: time=6950, hw_in_data=a9
UVM_INFO ../sv/yapp_tx_monitor.sv(48) @ 7000: uvm_test_top.tb.env.agent.monitor [yapp_tx_monitor] Packet Collected :
---------------------------------------
Name          Type          Size  Value
---------------------------------------
pkt           short_packet  -     @3747
  length      integral      6     'h9  
  addr        integral      2     'h3  
  payload     da(integral)  9     -    
    [0]       integral      8     'hd  
    [1]       integral      8     'h4b 
    [2]       integral      8     'h9d 
    [3]       integral      8     'h4d 
    [4]       integral      8     'hd6 
    [5]       integral      8     'hc5 
    [6]       integral      8     'ha3 
    [7]       integral      8     'h8f 
    [8]       integral      8     'h27 
  parity      integral      8     'ha9 
  begin_time  time          64    6000 
  end_time    time          64    7000 
---------------------------------------

UVM_INFO ../sv/yapp_tx_seqs.sv(51) @ 7050: uvm_test_top.tb.env.agent.sequencer@@yapp_012_seq [yapp_012_seq] drop objection
DUT_INFO: time=7050, hw_in_data=zz
UVM_INFO /opt/coe/cadence/XCELIUM/tools/methodology/UVM/CDNS-1.1d/sv/src/base/uvm_objection.svh(1245) @ 9050: reporter [TEST_DONE] All end-of-test objections have been dropped. Calling stop tasks
UVM_INFO /opt/coe/cadence/XCELIUM/tools/methodology/UVM/CDNS-1.1d/sv/src/base/uvm_objection.svh(1268) @ 9050: reporter [TEST_DONE] 'run' phase is ready to proceed to the 'extract' phase
UVM_INFO ../sv/yapp_tx_driver.sv(79) @ 9050: uvm_test_top.tb.env.agent.driver [yapp_tx_driver] Report: YAPP TX driver sent 3 packets
UVM_INFO ../sv/yapp_tx_monitor.sv(56) @ 9050: uvm_test_top.tb.env.agent.monitor [yapp_tx_monitor] Report: YAPP Monitor Collected 3 Packets

--- UVM Report catcher Summary ---


Number of demoted UVM_FATAL reports  :    0
Number of demoted UVM_ERROR reports  :    0
Number of demoted UVM_WARNING reports:    0
Number of caught UVM_FATAL reports   :    0
Number of caught UVM_ERROR reports   :    0
Number of caught UVM_WARNING reports :    0

--- UVM Report Summary ---

** Report counts by severity
UVM_INFO :   43
UVM_WARNING :    0
UVM_ERROR :    0
UVM_FATAL :    0
** Report counts by id
[MONITOR INFO]     1
[PHASESEQ]    13
[RNTST]     1
[TEST_DONE]     2
[UVMTOP]     4
[YAPP_IF]     3
[router_tb]     2
[yapp_012_seq]     3
[yapp_012_test]     4
[yapp_tx_driver]     5
[yapp_tx_monitor]     5
Simulation complete via $finish(1) at time 905 NS + 46
/opt/coe/cadence/XCELIUM/tools/methodology/UVM/CDNS-1.1d/sv/src/base/uvm_root.svh:457     $finish;
xcelium> exit
TOOL:	xrun(64)	22.03-s012: Exiting on Aug 31, 2025 at 18:54:23 CDT  (total: 00:00:02)
