xrun(64): 22.03-s012: (c) Copyright 1995-2023 Cadence Design Systems, Inc.
TOOL:	xrun(64)	22.03-s012: Started on Aug 31, 2025 at 14:39:39 CDT
xrun
	-f run.f
		-64
		-uvmhome /opt/coe/cadence/XCELIUM/tools/methodology/UVM/CDNS-1.1d/sv
		-incdir ../sv
		../sv/yapp_pkg.sv
		top.sv
	+UVM_VERBOSITY=UVM_FULL
	-gui
	-access +rwc

   User defined plus("+") options:
	+UVM_VERBOSITY=UVM_FULL

Recompiling... reason: file '../sv/yapp_tx_seqs.sv' is newer than expected.
	expected: Sun Aug 31 14:34:27 2025
	actual:   Sun Aug 31 14:39:23 2025
Compiling UVM packages (uvm_pkg.sv cdns_uvm_pkg.sv) using uvmhome location /opt/coe/cadence/XCELIUM/tools/methodology/UVM/CDNS-1.1d/sv
file: ../sv/yapp_pkg.sv
package yapp_pkg;
               |
xmvlog: *W,TSNSPK (../sv/yapp_pkg.sv,1|15): `timescale is not specified for the package.  The default timescale of 1ns/1ns will be assumed for this package.
	package worklib.yapp_pkg:sv
		errors: 0, warnings: 1
file: top.sv
	module worklib.top:sv
		errors: 0, warnings: 0
		Caching library 'worklib' ....... Done
	Elaborating the design hierarchy:
	Top level design units:
		uvm_pkg
		cdns_uvmapi
		cdns_assert2uvm_pkg
		cdns_uvm_pkg
		yapp_pkg
		top
xmelab: *W,DSEMEL: This SystemVerilog design will be simulated as per IEEE 1800-2009 SystemVerilog simulation semantics. Use -disable_sem2009 option for turning off SV 2009 simulation semantics.
	Building instance overlay tables: .................... Done
	Generating native compiled code:
		worklib.top:sv <0x0671e633>
			streams: 132, words: 96978
		worklib.yapp_pkg:sv <0x7687a416>
			streams: 608, words: 691217
	Building instance specific data structures.
	Loading native compiled code:     .................... Done
	Design hierarchy summary:
		                       Instances  Unique
		Modules:                       1       1
		Verilog packages:              5       5
		Registers:                 14291   10421
		Named events:                  4      12
		Initial blocks:              316     166
		Parallel blocks:              26      27
		Assertions:                    2       2
		SV Class declarations:       210     324
		SV Class specializations:    400     400
	Writing initial simulation snapshot: worklib.top:sv
xmsim: *W,NOMTDGUI: Multi-Threaded Dumping is disabled for interactive debug mode.
SVSEED default: 1
xmsim: *W,DSEM2009: This SystemVerilog design is simulated as per IEEE 1800-2009 SystemVerilog simulation semantics. Use -disable_sem2009 option for turning off SV 2009 simulation semantics.

-------------------------------------
Relinquished control to SimVision...
xcelium> 
xcelium> source /opt/coe/cadence/XCELIUM/tools/xcelium/files/xmsimrc
xcelium> source /opt/coe/cadence/XCELIUM/tools/methodology/UVM/CDNS-1.1d/sv/files/tcl/uvm_sim.tcl
xcelium> run
----------------------------------------------------------------
CDNS-UVM-1.1d (22.03-s012)
(C) 2007-2013 Mentor Graphics Corporation
(C) 2007-2013 Cadence Design Systems, Inc.
(C) 2006-2013 Synopsys, Inc.
(C) 2011-2013 Cypress Semiconductor Corp.
----------------------------------------------------------------

  ***********       IMPORTANT RELEASE NOTES         ************

  You are using a version of the UVM library that has been compiled
  with `UVM_NO_DEPRECATED undefined.
  See http://www.eda.org/svdb/view.php?id=3313 for more details.

  You are using a version of the UVM library that has been compiled
  with `UVM_OBJECT_MUST_HAVE_CONSTRUCTOR undefined.
  See http://www.eda.org/svdb/view.php?id=3770 for more details.

      (Specify +UVM_NO_RELNOTES to turn off this notice)

UVM_INFO @ 0: reporter [RNTST] Running test exhaustive_seq_test...
UVM_INFO router_test_lib.sv(20) @ 0: uvm_test_top [exhaustive_seq_test] build phase of the test is being executed
UVM_INFO router_test_lib.sv(155) @ 0: uvm_test_top [exhaustive_seq_test] build phase of the exhaustive_seq_test test is being executed
UVM_INFO router_tb.sv(17) @ 0: uvm_test_top.tb [router_tb] build phase of the testbench is being executed.
UVM_INFO router_tb.sv(17) @ 0: uvm_test_top.tb_exhaustive_seq_test [router_tb] build phase of the testbench is being executed.
UVM_INFO @ 0: reporter [UVMTOP] UVM testbench topology:
-----------------------------------------------------------------------
Name                          Type                     Size  Value     
-----------------------------------------------------------------------
uvm_test_top                  exhaustive_seq_test      -     @2654     
  tb                          router_tb                -     @2744     
    env                       yapp_env                 -     @2815     
      agent                   yapp_tx_agent            -     @2847     
        driver                yapp_tx_driver           -     @2877     
          rsp_port            uvm_analysis_port        -     @3016     
            recording_detail  integral                 32    'd1       
          seq_item_port       uvm_seq_item_pull_port   -     @2965     
            recording_detail  integral                 32    'd1       
          recording_detail    integral                 32    'd1       
        monitor               yapp_tx_monitor          -     @2882     
          recording_detail    integral                 32    'd1       
        sequencer             yapp_tx_sequencer        -     @2995     
          rsp_export          uvm_analysis_export      -     @3106     
            recording_detail  integral                 32    'd1       
          seq_item_export     uvm_seq_item_pull_imp    -     @3654     
            recording_detail  integral                 32    'd1       
          recording_detail    integral                 32    'd1       
          arbitration_queue   array                    0     -         
          lock_queue          array                    0     -         
          num_last_reqs       integral                 32    'd1       
          num_last_rsps       integral                 32    'd1       
        is_active             uvm_active_passive_enum  1     UVM_ACTIVE
        recording_detail      integral                 32    'd1       
      recording_detail        integral                 32    'd1       
    recording_detail          integral                 32    'd1       
  tb_exhaustive_seq_test      router_tb                -     @2781     
    env                       yapp_env                 -     @3707     
      agent                   yapp_tx_agent            -     @3738     
        driver                yapp_tx_driver           -     @3797     
          rsp_port            uvm_analysis_port        -     @3892     
            recording_detail  integral                 32    'd1       
          seq_item_port       uvm_seq_item_pull_port   -     @3844     
            recording_detail  integral                 32    'd1       
          recording_detail    integral                 32    'd1       
        monitor               yapp_tx_monitor          -     @3706     
          recording_detail    integral                 32    'd1       
        sequencer             yapp_tx_sequencer        -     @3873     
          rsp_export          uvm_analysis_export      -     @3977     
            recording_detail  integral                 32    'd1       
          seq_item_export     uvm_seq_item_pull_imp    -     @4517     
            recording_detail  integral                 32    'd1       
          recording_detail    integral                 32    'd1       
          arbitration_queue   array                    0     -         
          lock_queue          array                    0     -         
          num_last_reqs       integral                 32    'd1       
          num_last_rsps       integral                 32    'd1       
        is_active             uvm_active_passive_enum  1     UVM_ACTIVE
        recording_detail      integral                 32    'd1       
      recording_detail        integral                 32    'd1       
    recording_detail          integral                 32    'd1       
-----------------------------------------------------------------------

UVM_INFO /opt/coe/cadence/XCELIUM/tools/methodology/UVM/CDNS-1.1d/sv/src/seq/uvm_sequencer_base.svh(1391) @ 0: uvm_test_top.tb_exhaustive_seq_test.env.agent.sequencer [PHASESEQ] Starting default sequence 'yapp_exhaustive_seq' for phase 'run'
stop -create -name Randomize -randomize
Created stop Randomize

SDI/Verilog Transaction Recording Facility Version 22.03-s012
UVM_INFO ../sv/yapp_tx_monitor.sv(12) @ 0: uvm_test_top.tb_exhaustive_seq_test.env.agent.monitor [MONITOR INFO] You are in the MONITOR
UVM_INFO /opt/coe/cadence/XCELIUM/tools/methodology/UVM/CDNS-1.1d/sv/src/seq/uvm_sequencer_base.svh(1391) @ 0: uvm_test_top.tb.env.agent.sequencer [PHASESEQ] Starting default sequence 'yapp_5_packets' for phase 'run'
UVM_INFO ../sv/yapp_tx_monitor.sv(12) @ 0: uvm_test_top.tb.env.agent.monitor [MONITOR INFO] You are in the MONITOR
UVM_INFO ../sv/yapp_tx_seqs.sv(37) @ 0: uvm_test_top.tb_exhaustive_seq_test.env.agent.sequencer@@yapp_exhaustive_seq [yapp_exhaustive_seq] raise objection
UVM_INFO ../sv/yapp_tx_seqs.sv(37) @ 0: uvm_test_top.tb.env.agent.sequencer@@yapp_5_packets [yapp_5_packets] raise objection
UVM_INFO ../sv/yapp_tx_seqs.sv(222) @ 0: uvm_test_top.tb_exhaustive_seq_test.env.agent.sequencer@@yapp_exhaustive_seq [yapp_exhaustive_seq] Executing yapp_exhaustive_seq sequence
UVM_INFO ../sv/yapp_tx_seqs.sv(81) @ 0: uvm_test_top.tb.env.agent.sequencer@@yapp_5_packets [yapp_5_packets] Executing yapp_5_packets sequence
UVM_INFO ../sv/yapp_tx_seqs.sv(81) @ 0: uvm_test_top.tb_exhaustive_seq_test.env.agent.sequencer@@yapp_exhaustive_seq.y5p [yapp_5_packets] Executing yapp_5_packets sequence
UVM_INFO /opt/coe/cadence/XCELIUM/tools/methodology/UVM/CDNS-1.1d/sv/src/seq/uvm_sequencer_base.svh(1385) @ 0: uvm_test_top.tb_exhaustive_seq_test.env.agent.sequencer [PHASESEQ] No default phase sequence for phase 'pre_reset'
UVM_INFO /opt/coe/cadence/XCELIUM/tools/methodology/UVM/CDNS-1.1d/sv/src/seq/uvm_sequencer_base.svh(1385) @ 0: uvm_test_top.tb.env.agent.sequencer [PHASESEQ] No default phase sequence for phase 'pre_reset'
UVM_INFO ../sv/yapp_tx_driver.sv(22) @ 0: uvm_test_top.tb_exhaustive_seq_test.env.agent.driver [PACKET INFO] Packet is 
----------------------------------------------------------------------------------------------------------------------------------
Name                           Type          Size  Value                                                                          
----------------------------------------------------------------------------------------------------------------------------------
req                            short_packet  -     @4645                                                                          
  length                       integral      6     'h9                                                                            
  addr                         integral      2     'h3                                                                            
  payload                      da(integral)  9     -                                                                              
    [0]                        integral      8     'h4e                                                                           
    [1]                        integral      8     'hbc                                                                           
    [2]                        integral      8     'h39                                                                           
    [3]                        integral      8     'ha6                                                                           
    [4]                        integral      8     'h90                                                                           
    [5]                        integral      8     'h38                                                                           
    [6]                        integral      8     'ha3                                                                           
    [7]                        integral      8     'h2                                                                            
    [8]                        integral      8     'h81                                                                           
  parity                       integral      8     'hc2                                                                           
  begin_time                   time          64    0                                                                              
  depth                        int           32    'd3                                                                            
  parent sequence (name)       string        3     y5p                                                                            
  parent sequence (full name)  string        79    uvm_test_top.tb_exhaustive_seq_test.env.agent.sequencer.yapp_exhaustive_seq.y5p
  sequencer                    string        55    uvm_test_top.tb_exhaustive_seq_test.env.agent.sequencer                        
----------------------------------------------------------------------------------------------------------------------------------

UVM_INFO ../sv/yapp_tx_driver.sv(22) @ 0: uvm_test_top.tb.env.agent.driver [PACKET INFO] Packet is 
-----------------------------------------------------------------------------------------------------
Name                           Type          Size  Value                                             
-----------------------------------------------------------------------------------------------------
req                            short_packet  -     @4659                                             
  length                       integral      6     'h8                                               
  addr                         integral      2     'h1                                               
  payload                      da(integral)  8     -                                                 
    [0]                        integral      8     'haf                                              
    [1]                        integral      8     'hf                                               
    [2]                        integral      8     'hba                                              
    [3]                        integral      8     'hf4                                              
    [4]                        integral      8     'he6                                              
    [5]                        integral      8     'h84                                              
    [6]                        integral      8     'h36                                              
    [7]                        integral      8     'h28                                              
  parity                       integral      8     'hb3                                              
  begin_time                   time          64    0                                                 
  depth                        int           32    'd2                                               
  parent sequence (name)       string        14    yapp_5_packets                                    
  parent sequence (full name)  string        50    uvm_test_top.tb.env.agent.sequencer.yapp_5_packets
  sequencer                    string        35    uvm_test_top.tb.env.agent.sequencer               
-----------------------------------------------------------------------------------------------------

UVM_INFO /opt/coe/cadence/XCELIUM/tools/methodology/UVM/CDNS-1.1d/sv/src/seq/uvm_sequencer_base.svh(1385) @ 0: uvm_test_top.tb_exhaustive_seq_test.env.agent.sequencer [PHASESEQ] No default phase sequence for phase 'reset'
UVM_INFO /opt/coe/cadence/XCELIUM/tools/methodology/UVM/CDNS-1.1d/sv/src/seq/uvm_sequencer_base.svh(1385) @ 0: uvm_test_top.tb.env.agent.sequencer [PHASESEQ] No default phase sequence for phase 'reset'
UVM_INFO /opt/coe/cadence/XCELIUM/tools/methodology/UVM/CDNS-1.1d/sv/src/seq/uvm_sequencer_base.svh(1385) @ 0: uvm_test_top.tb_exhaustive_seq_test.env.agent.sequencer [PHASESEQ] No default phase sequence for phase 'post_reset'
UVM_INFO /opt/coe/cadence/XCELIUM/tools/methodology/UVM/CDNS-1.1d/sv/src/seq/uvm_sequencer_base.svh(1385) @ 0: uvm_test_top.tb.env.agent.sequencer [PHASESEQ] No default phase sequence for phase 'post_reset'
UVM_INFO /opt/coe/cadence/XCELIUM/tools/methodology/UVM/CDNS-1.1d/sv/src/seq/uvm_sequencer_base.svh(1385) @ 0: uvm_test_top.tb_exhaustive_seq_test.env.agent.sequencer [PHASESEQ] No default phase sequence for phase 'pre_configure'
UVM_INFO /opt/coe/cadence/XCELIUM/tools/methodology/UVM/CDNS-1.1d/sv/src/seq/uvm_sequencer_base.svh(1385) @ 0: uvm_test_top.tb.env.agent.sequencer [PHASESEQ] No default phase sequence for phase 'pre_configure'
UVM_INFO /opt/coe/cadence/XCELIUM/tools/methodology/UVM/CDNS-1.1d/sv/src/seq/uvm_sequencer_base.svh(1385) @ 0: uvm_test_top.tb_exhaustive_seq_test.env.agent.sequencer [PHASESEQ] No default phase sequence for phase 'configure'
UVM_INFO /opt/coe/cadence/XCELIUM/tools/methodology/UVM/CDNS-1.1d/sv/src/seq/uvm_sequencer_base.svh(1385) @ 0: uvm_test_top.tb.env.agent.sequencer [PHASESEQ] No default phase sequence for phase 'configure'
UVM_INFO /opt/coe/cadence/XCELIUM/tools/methodology/UVM/CDNS-1.1d/sv/src/seq/uvm_sequencer_base.svh(1385) @ 0: uvm_test_top.tb_exhaustive_seq_test.env.agent.sequencer [PHASESEQ] No default phase sequence for phase 'post_configure'
UVM_INFO /opt/coe/cadence/XCELIUM/tools/methodology/UVM/CDNS-1.1d/sv/src/seq/uvm_sequencer_base.svh(1385) @ 0: uvm_test_top.tb.env.agent.sequencer [PHASESEQ] No default phase sequence for phase 'post_configure'
UVM_INFO /opt/coe/cadence/XCELIUM/tools/methodology/UVM/CDNS-1.1d/sv/src/seq/uvm_sequencer_base.svh(1385) @ 0: uvm_test_top.tb_exhaustive_seq_test.env.agent.sequencer [PHASESEQ] No default phase sequence for phase 'pre_main'
UVM_INFO /opt/coe/cadence/XCELIUM/tools/methodology/UVM/CDNS-1.1d/sv/src/seq/uvm_sequencer_base.svh(1385) @ 0: uvm_test_top.tb.env.agent.sequencer [PHASESEQ] No default phase sequence for phase 'pre_main'
UVM_INFO /opt/coe/cadence/XCELIUM/tools/methodology/UVM/CDNS-1.1d/sv/src/seq/uvm_sequencer_base.svh(1385) @ 0: uvm_test_top.tb_exhaustive_seq_test.env.agent.sequencer [PHASESEQ] No default phase sequence for phase 'main'
UVM_INFO /opt/coe/cadence/XCELIUM/tools/methodology/UVM/CDNS-1.1d/sv/src/seq/uvm_sequencer_base.svh(1385) @ 0: uvm_test_top.tb.env.agent.sequencer [PHASESEQ] No default phase sequence for phase 'main'
UVM_INFO /opt/coe/cadence/XCELIUM/tools/methodology/UVM/CDNS-1.1d/sv/src/seq/uvm_sequencer_base.svh(1385) @ 0: uvm_test_top.tb_exhaustive_seq_test.env.agent.sequencer [PHASESEQ] No default phase sequence for phase 'post_main'
UVM_INFO /opt/coe/cadence/XCELIUM/tools/methodology/UVM/CDNS-1.1d/sv/src/seq/uvm_sequencer_base.svh(1385) @ 0: uvm_test_top.tb.env.agent.sequencer [PHASESEQ] No default phase sequence for phase 'post_main'
UVM_INFO /opt/coe/cadence/XCELIUM/tools/methodology/UVM/CDNS-1.1d/sv/src/seq/uvm_sequencer_base.svh(1385) @ 0: uvm_test_top.tb_exhaustive_seq_test.env.agent.sequencer [PHASESEQ] No default phase sequence for phase 'pre_shutdown'
UVM_INFO /opt/coe/cadence/XCELIUM/tools/methodology/UVM/CDNS-1.1d/sv/src/seq/uvm_sequencer_base.svh(1385) @ 0: uvm_test_top.tb.env.agent.sequencer [PHASESEQ] No default phase sequence for phase 'pre_shutdown'
UVM_INFO /opt/coe/cadence/XCELIUM/tools/methodology/UVM/CDNS-1.1d/sv/src/seq/uvm_sequencer_base.svh(1385) @ 0: uvm_test_top.tb_exhaustive_seq_test.env.agent.sequencer [PHASESEQ] No default phase sequence for phase 'shutdown'
UVM_INFO /opt/coe/cadence/XCELIUM/tools/methodology/UVM/CDNS-1.1d/sv/src/seq/uvm_sequencer_base.svh(1385) @ 0: uvm_test_top.tb.env.agent.sequencer [PHASESEQ] No default phase sequence for phase 'shutdown'
UVM_INFO /opt/coe/cadence/XCELIUM/tools/methodology/UVM/CDNS-1.1d/sv/src/seq/uvm_sequencer_base.svh(1385) @ 0: uvm_test_top.tb_exhaustive_seq_test.env.agent.sequencer [PHASESEQ] No default phase sequence for phase 'post_shutdown'
UVM_INFO /opt/coe/cadence/XCELIUM/tools/methodology/UVM/CDNS-1.1d/sv/src/seq/uvm_sequencer_base.svh(1385) @ 0: uvm_test_top.tb.env.agent.sequencer [PHASESEQ] No default phase sequence for phase 'post_shutdown'
UVM_INFO ../sv/yapp_tx_driver.sv(22) @ 10: uvm_test_top.tb_exhaustive_seq_test.env.agent.driver [PACKET INFO] Packet is 
----------------------------------------------------------------------------------------------------------------------------------
Name                           Type          Size  Value                                                                          
----------------------------------------------------------------------------------------------------------------------------------
req                            short_packet  -     @4593                                                                          
  length                       integral      6     'h9                                                                            
  addr                         integral      2     'h1                                                                            
  payload                      da(integral)  9     -                                                                              
    [0]                        integral      8     'h9c                                                                           
    [1]                        integral      8     'h8f                                                                           
    [2]                        integral      8     'h85                                                                           
    [3]                        integral      8     'h33                                                                           
    [4]                        integral      8     'h17                                                                           
    [5]                        integral      8     'h98                                                                           
    [6]                        integral      8     'h9f                                                                           
    [7]                        integral      8     'hf9                                                                           
    [8]                        integral      8     'hb                                                                            
  parity                       integral      8     'h62                                                                           
  begin_time                   time          64    10                                                                             
  depth                        int           32    'd3                                                                            
  parent sequence (name)       string        3     y5p                                                                            
  parent sequence (full name)  string        79    uvm_test_top.tb_exhaustive_seq_test.env.agent.sequencer.yapp_exhaustive_seq.y5p
  sequencer                    string        55    uvm_test_top.tb_exhaustive_seq_test.env.agent.sequencer                        
----------------------------------------------------------------------------------------------------------------------------------

UVM_INFO ../sv/yapp_tx_driver.sv(22) @ 10: uvm_test_top.tb.env.agent.driver [PACKET INFO] Packet is 
-----------------------------------------------------------------------------------------------------
Name                           Type          Size  Value                                             
-----------------------------------------------------------------------------------------------------
req                            short_packet  -     @4571                                             
  length                       integral      6     'h6                                               
  addr                         integral      2     'h3                                               
  payload                      da(integral)  6     -                                                 
    [0]                        integral      8     'h34                                              
    [1]                        integral      8     'h61                                              
    [2]                        integral      8     'h44                                              
    [3]                        integral      8     'h45                                              
    [4]                        integral      8     'ha2                                              
    [5]                        integral      8     'ha6                                              
  parity                       integral      8     'h4b                                              
  begin_time                   time          64    10                                                
  depth                        int           32    'd2                                               
  parent sequence (name)       string        14    yapp_5_packets                                    
  parent sequence (full name)  string        50    uvm_test_top.tb.env.agent.sequencer.yapp_5_packets
  sequencer                    string        35    uvm_test_top.tb.env.agent.sequencer               
-----------------------------------------------------------------------------------------------------

UVM_INFO ../sv/yapp_tx_driver.sv(22) @ 20: uvm_test_top.tb_exhaustive_seq_test.env.agent.driver [PACKET INFO] Packet is 
----------------------------------------------------------------------------------------------------------------------------------
Name                           Type          Size  Value                                                                          
----------------------------------------------------------------------------------------------------------------------------------
req                            short_packet  -     @4809                                                                          
  length                       integral      6     'h9                                                                            
  addr                         integral      2     'h0                                                                            
  payload                      da(integral)  9     -                                                                              
    [0]                        integral      8     'h9e                                                                           
    [1]                        integral      8     'h70                                                                           
    [2]                        integral      8     'h59                                                                           
    [3]                        integral      8     'he9                                                                           
    [4]                        integral      8     'hb1                                                                           
    [5]                        integral      8     'h61                                                                           
    [6]                        integral      8     'haa                                                                           
    [7]                        integral      8     'h16                                                                           
    [8]                        integral      8     'h3b                                                                           
  parity                       integral      8     'h2d                                                                           
  begin_time                   time          64    20                                                                             
  depth                        int           32    'd3                                                                            
  parent sequence (name)       string        3     y5p                                                                            
  parent sequence (full name)  string        79    uvm_test_top.tb_exhaustive_seq_test.env.agent.sequencer.yapp_exhaustive_seq.y5p
  sequencer                    string        55    uvm_test_top.tb_exhaustive_seq_test.env.agent.sequencer                        
----------------------------------------------------------------------------------------------------------------------------------

UVM_INFO ../sv/yapp_tx_driver.sv(22) @ 20: uvm_test_top.tb.env.agent.driver [PACKET INFO] Packet is 
-----------------------------------------------------------------------------------------------------
Name                           Type          Size  Value                                             
-----------------------------------------------------------------------------------------------------
req                            short_packet  -     @4806                                             
  length                       integral      6     'h6                                               
  addr                         integral      2     'h0                                               
  payload                      da(integral)  6     -                                                 
    [0]                        integral      8     'h36                                              
    [1]                        integral      8     'h42                                              
    [2]                        integral      8     'h18                                              
    [3]                        integral      8     'hfa                                              
    [4]                        integral      8     'h3c                                              
    [5]                        integral      8     'h70                                              
  parity                       integral      8     'hc2                                              
  begin_time                   time          64    20                                                
  depth                        int           32    'd2                                               
  parent sequence (name)       string        14    yapp_5_packets                                    
  parent sequence (full name)  string        50    uvm_test_top.tb.env.agent.sequencer.yapp_5_packets
  sequencer                    string        35    uvm_test_top.tb.env.agent.sequencer               
-----------------------------------------------------------------------------------------------------

UVM_INFO ../sv/yapp_tx_driver.sv(22) @ 30: uvm_test_top.tb_exhaustive_seq_test.env.agent.driver [PACKET INFO] Packet is 
----------------------------------------------------------------------------------------------------------------------------------
Name                           Type          Size  Value                                                                          
----------------------------------------------------------------------------------------------------------------------------------
req                            short_packet  -     @4819                                                                          
  length                       integral      6     'hb                                                                            
  addr                         integral      2     'h0                                                                            
  payload                      da(integral)  11    -                                                                              
    [0]                        integral      8     'ha4                                                                           
    [1]                        integral      8     'h9b                                                                           
    [2]                        integral      8     'h54                                                                           
    [3]                        integral      8     'h36                                                                           
    [4]                        integral      8     'h1e                                                                           
    ...                        ...           ...   ...                                                                            
    [6]                        integral      8     'h84                                                                           
    [7]                        integral      8     'h6c                                                                           
    [8]                        integral      8     'h49                                                                           
    [9]                        integral      8     'h34                                                                           
    [10]                       integral      8     'h6d                                                                           
  parity                       integral      8     'hab                                                                           
  begin_time                   time          64    30                                                                             
  depth                        int           32    'd3                                                                            
  parent sequence (name)       string        3     y5p                                                                            
  parent sequence (full name)  string        79    uvm_test_top.tb_exhaustive_seq_test.env.agent.sequencer.yapp_exhaustive_seq.y5p
  sequencer                    string        55    uvm_test_top.tb_exhaustive_seq_test.env.agent.sequencer                        
----------------------------------------------------------------------------------------------------------------------------------

UVM_INFO ../sv/yapp_tx_driver.sv(22) @ 30: uvm_test_top.tb.env.agent.driver [PACKET INFO] Packet is 
-----------------------------------------------------------------------------------------------------
Name                           Type          Size  Value                                             
-----------------------------------------------------------------------------------------------------
req                            short_packet  -     @4838                                             
  length                       integral      6     'h1                                               
  addr                         integral      2     'h1                                               
  payload                      da(integral)  1     -                                                 
    [0]                        integral      8     'h5                                               
  parity                       integral      8     'h0                                               
  begin_time                   time          64    30                                                
  depth                        int           32    'd2                                               
  parent sequence (name)       string        14    yapp_5_packets                                    
  parent sequence (full name)  string        50    uvm_test_top.tb.env.agent.sequencer.yapp_5_packets
  sequencer                    string        35    uvm_test_top.tb.env.agent.sequencer               
-----------------------------------------------------------------------------------------------------

UVM_INFO ../sv/yapp_tx_driver.sv(22) @ 40: uvm_test_top.tb_exhaustive_seq_test.env.agent.driver [PACKET INFO] Packet is 
----------------------------------------------------------------------------------------------------------------------------------
Name                           Type          Size  Value                                                                          
----------------------------------------------------------------------------------------------------------------------------------
req                            short_packet  -     @4587                                                                          
  length                       integral      6     'h1                                                                            
  addr                         integral      2     'h0                                                                            
  payload                      da(integral)  1     -                                                                              
    [0]                        integral      8     'h26                                                                           
  parity                       integral      8     'h22                                                                           
  begin_time                   time          64    40                                                                             
  depth                        int           32    'd3                                                                            
  parent sequence (name)       string        3     y5p                                                                            
  parent sequence (full name)  string        79    uvm_test_top.tb_exhaustive_seq_test.env.agent.sequencer.yapp_exhaustive_seq.y5p
  sequencer                    string        55    uvm_test_top.tb_exhaustive_seq_test.env.agent.sequencer                        
----------------------------------------------------------------------------------------------------------------------------------

UVM_INFO ../sv/yapp_tx_driver.sv(22) @ 40: uvm_test_top.tb.env.agent.driver [PACKET INFO] Packet is 
-----------------------------------------------------------------------------------------------------
Name                           Type          Size  Value                                             
-----------------------------------------------------------------------------------------------------
req                            short_packet  -     @4787                                             
  length                       integral      6     'h1                                               
  addr                         integral      2     'h3                                               
  payload                      da(integral)  1     -                                                 
    [0]                        integral      8     'h37                                              
  parity                       integral      8     'hcf                                              
  begin_time                   time          64    40                                                
  depth                        int           32    'd2                                               
  parent sequence (name)       string        14    yapp_5_packets                                    
  parent sequence (full name)  string        50    uvm_test_top.tb.env.agent.sequencer.yapp_5_packets
  sequencer                    string        35    uvm_test_top.tb.env.agent.sequencer               
-----------------------------------------------------------------------------------------------------

UVM_INFO ../sv/yapp_tx_seqs.sv(51) @ 50: uvm_test_top.tb.env.agent.sequencer@@yapp_5_packets [yapp_5_packets] drop objection
UVM_INFO ../sv/yapp_tx_seqs.sv(101) @ 50: uvm_test_top.tb_exhaustive_seq_test.env.agent.sequencer@@yapp_exhaustive_seq.y1s [yapp_1_seq] Executing yapp_1_seq sequence
UVM_INFO ../sv/yapp_tx_driver.sv(22) @ 50: uvm_test_top.tb_exhaustive_seq_test.env.agent.driver [PACKET INFO] Packet is 
----------------------------------------------------------------------------------------------------------------------------------
Name                           Type          Size  Value                                                                          
----------------------------------------------------------------------------------------------------------------------------------
req                            short_packet  -     @4569                                                                          
  length                       integral      6     'h6                                                                            
  addr                         integral      2     'h1                                                                            
  payload                      da(integral)  6     -                                                                              
    [0]                        integral      8     'had                                                                           
    [1]                        integral      8     'h78                                                                           
    [2]                        integral      8     'hb3                                                                           
    [3]                        integral      8     'h2b                                                                           
    [4]                        integral      8     'hb3                                                                           
    [5]                        integral      8     'h68                                                                           
  parity                       integral      8     'h8f                                                                           
  begin_time                   time          64    50                                                                             
  depth                        int           32    'd3                                                                            
  parent sequence (name)       string        3     y1s                                                                            
  parent sequence (full name)  string        79    uvm_test_top.tb_exhaustive_seq_test.env.agent.sequencer.yapp_exhaustive_seq.y1s
  sequencer                    string        55    uvm_test_top.tb_exhaustive_seq_test.env.agent.sequencer                        
----------------------------------------------------------------------------------------------------------------------------------

UVM_INFO ../sv/yapp_tx_seqs.sv(120) @ 60: uvm_test_top.tb_exhaustive_seq_test.env.agent.sequencer@@yapp_exhaustive_seq.y012s [yapp_012_seq] Executing yapp_012_seq sequence
UVM_INFO ../sv/yapp_tx_driver.sv(22) @ 60: uvm_test_top.tb_exhaustive_seq_test.env.agent.driver [PACKET INFO] Packet is 
------------------------------------------------------------------------------------------------------------------------------------
Name                           Type          Size  Value                                                                            
------------------------------------------------------------------------------------------------------------------------------------
req                            short_packet  -     @4800                                                                            
  length                       integral      6     'h9                                                                              
  addr                         integral      2     'h0                                                                              
  payload                      da(integral)  9     -                                                                                
    [0]                        integral      8     'h13                                                                             
    [1]                        integral      8     'h15                                                                             
    [2]                        integral      8     'hb6                                                                             
    [3]                        integral      8     'h44                                                                             
    [4]                        integral      8     'h93                                                                             
    [5]                        integral      8     'hd4                                                                             
    [6]                        integral      8     'h3d                                                                             
    [7]                        integral      8     'h11                                                                             
    [8]                        integral      8     'h34                                                                             
  parity                       integral      8     'h70                                                                             
  begin_time                   time          64    60                                                                               
  depth                        int           32    'd3                                                                              
  parent sequence (name)       string        5     y012s                                                                            
  parent sequence (full name)  string        81    uvm_test_top.tb_exhaustive_seq_test.env.agent.sequencer.yapp_exhaustive_seq.y012s
  sequencer                    string        55    uvm_test_top.tb_exhaustive_seq_test.env.agent.sequencer                          
------------------------------------------------------------------------------------------------------------------------------------

UVM_INFO ../sv/yapp_tx_driver.sv(22) @ 70: uvm_test_top.tb_exhaustive_seq_test.env.agent.driver [PACKET INFO] Packet is 
------------------------------------------------------------------------------------------------------------------------------------
Name                           Type          Size  Value                                                                            
------------------------------------------------------------------------------------------------------------------------------------
req                            short_packet  -     @4826                                                                            
  length                       integral      6     'h8                                                                              
  addr                         integral      2     'h1                                                                              
  payload                      da(integral)  8     -                                                                                
    [0]                        integral      8     'h55                                                                             
    [1]                        integral      8     'hea                                                                             
    [2]                        integral      8     'h44                                                                             
    [3]                        integral      8     'h6f                                                                             
    [4]                        integral      8     'h53                                                                             
    [5]                        integral      8     'h52                                                                             
    [6]                        integral      8     'h8                                                                              
    [7]                        integral      8     'hdd                                                                             
  parity                       integral      8     'h61                                                                             
  begin_time                   time          64    70                                                                               
  depth                        int           32    'd3                                                                              
  parent sequence (name)       string        5     y012s                                                                            
  parent sequence (full name)  string        81    uvm_test_top.tb_exhaustive_seq_test.env.agent.sequencer.yapp_exhaustive_seq.y012s
  sequencer                    string        55    uvm_test_top.tb_exhaustive_seq_test.env.agent.sequencer                          
------------------------------------------------------------------------------------------------------------------------------------

UVM_INFO ../sv/yapp_tx_driver.sv(22) @ 80: uvm_test_top.tb_exhaustive_seq_test.env.agent.driver [PACKET INFO] Packet is 
------------------------------------------------------------------------------------------------------------------------------------
Name                           Type          Size  Value                                                                            
------------------------------------------------------------------------------------------------------------------------------------
req                            short_packet  -     @4862                                                                            
  length                       integral      6     'he                                                                              
  addr                         integral      2     'h3                                                                              
  payload                      da(integral)  14    -                                                                                
    [0]                        integral      8     'h3                                                                              
    [1]                        integral      8     'hec                                                                             
    [2]                        integral      8     'h25                                                                             
    [3]                        integral      8     'h43                                                                             
    [4]                        integral      8     'h9                                                                              
    ...                        ...           ...   ...                                                                              
    [9]                        integral      8     'h5f                                                                             
    [10]                       integral      8     'h88                                                                             
    [11]                       integral      8     'h1f                                                                             
    [12]                       integral      8     'hf9                                                                             
    [13]                       integral      8     'hfb                                                                             
  parity                       integral      8     'hf                                                                              
  begin_time                   time          64    80                                                                               
  depth                        int           32    'd3                                                                              
  parent sequence (name)       string        5     y012s                                                                            
  parent sequence (full name)  string        81    uvm_test_top.tb_exhaustive_seq_test.env.agent.sequencer.yapp_exhaustive_seq.y012s
  sequencer                    string        55    uvm_test_top.tb_exhaustive_seq_test.env.agent.sequencer                          
------------------------------------------------------------------------------------------------------------------------------------

UVM_INFO ../sv/yapp_tx_seqs.sv(142) @ 90: uvm_test_top.tb_exhaustive_seq_test.env.agent.sequencer@@yapp_exhaustive_seq.y111s [yapp_111_seq] Executing yapp_111_seq sequence
UVM_INFO ../sv/yapp_tx_driver.sv(22) @ 90: uvm_test_top.tb_exhaustive_seq_test.env.agent.driver [PACKET INFO] Packet is 
------------------------------------------------------------------------------------------------------------------------------------
Name                           Type          Size  Value                                                                            
------------------------------------------------------------------------------------------------------------------------------------
req                            short_packet  -     @4831                                                                            
  length                       integral      6     'h1                                                                              
  addr                         integral      2     'h1                                                                              
  payload                      da(integral)  1     -                                                                                
    [0]                        integral      8     'h2f                                                                             
  parity                       integral      8     'hd5                                                                             
  begin_time                   time          64    90                                                                               
  depth                        int           32    'd3                                                                              
  parent sequence (name)       string        5     y111s                                                                            
  parent sequence (full name)  string        81    uvm_test_top.tb_exhaustive_seq_test.env.agent.sequencer.yapp_exhaustive_seq.y111s
  sequencer                    string        55    uvm_test_top.tb_exhaustive_seq_test.env.agent.sequencer                          
------------------------------------------------------------------------------------------------------------------------------------

UVM_INFO ../sv/yapp_tx_driver.sv(22) @ 100: uvm_test_top.tb_exhaustive_seq_test.env.agent.driver [PACKET INFO] Packet is 
------------------------------------------------------------------------------------------------------------------------------------
Name                           Type          Size  Value                                                                            
------------------------------------------------------------------------------------------------------------------------------------
req                            short_packet  -     @4875                                                                            
  length                       integral      6     'h9                                                                              
  addr                         integral      2     'h1                                                                              
  payload                      da(integral)  9     -                                                                                
    [0]                        integral      8     'h71                                                                             
    [1]                        integral      8     'h67                                                                             
    [2]                        integral      8     'h5b                                                                             
    [3]                        integral      8     'h98                                                                             
    [4]                        integral      8     'h7a                                                                             
    [5]                        integral      8     'h36                                                                             
    [6]                        integral      8     'h3f                                                                             
    [7]                        integral      8     'h21                                                                             
    [8]                        integral      8     'ha4                                                                             
  parity                       integral      8     'h6                                                                              
  begin_time                   time          64    100                                                                              
  depth                        int           32    'd3                                                                              
  parent sequence (name)       string        5     y111s                                                                            
  parent sequence (full name)  string        81    uvm_test_top.tb_exhaustive_seq_test.env.agent.sequencer.yapp_exhaustive_seq.y111s
  sequencer                    string        55    uvm_test_top.tb_exhaustive_seq_test.env.agent.sequencer                          
------------------------------------------------------------------------------------------------------------------------------------

UVM_INFO ../sv/yapp_tx_driver.sv(22) @ 110: uvm_test_top.tb_exhaustive_seq_test.env.agent.driver [PACKET INFO] Packet is 
------------------------------------------------------------------------------------------------------------------------------------
Name                           Type          Size  Value                                                                            
------------------------------------------------------------------------------------------------------------------------------------
req                            short_packet  -     @4866                                                                            
  length                       integral      6     'h9                                                                              
  addr                         integral      2     'h1                                                                              
  payload                      da(integral)  9     -                                                                                
    [0]                        integral      8     'h1f                                                                             
    [1]                        integral      8     'h69                                                                             
    [2]                        integral      8     'h3c                                                                             
    [3]                        integral      8     'h6b                                                                             
    [4]                        integral      8     'h30                                                                             
    [5]                        integral      8     'hcf                                                                             
    [6]                        integral      8     'h8                                                                              
    [7]                        integral      8     'h2c                                                                             
    [8]                        integral      8     'hc1                                                                             
  parity                       integral      8     'h1e                                                                             
  begin_time                   time          64    110                                                                              
  depth                        int           32    'd3                                                                              
  parent sequence (name)       string        5     y111s                                                                            
  parent sequence (full name)  string        81    uvm_test_top.tb_exhaustive_seq_test.env.agent.sequencer.yapp_exhaustive_seq.y111s
  sequencer                    string        55    uvm_test_top.tb_exhaustive_seq_test.env.agent.sequencer                          
------------------------------------------------------------------------------------------------------------------------------------

UVM_INFO ../sv/yapp_tx_seqs.sv(166) @ 120: uvm_test_top.tb_exhaustive_seq_test.env.agent.sequencer@@yapp_exhaustive_seq.yras [yapp_repeat_addr_seq] Executing yapp_repeat_addr_seq sequence
UVM_INFO ../sv/yapp_tx_driver.sv(22) @ 120: uvm_test_top.tb_exhaustive_seq_test.env.agent.driver [PACKET INFO] Packet is 
-----------------------------------------------------------------------------------------------------------------------------------
Name                           Type          Size  Value                                                                           
-----------------------------------------------------------------------------------------------------------------------------------
req                            short_packet  -     @4707                                                                           
  length                       integral      6     'h9                                                                             
  addr                         integral      2     'h0                                                                             
  payload                      da(integral)  9     -                                                                               
    [0]                        integral      8     'h42                                                                            
    [1]                        integral      8     'hb2                                                                            
    [2]                        integral      8     'hd                                                                             
    [3]                        integral      8     'h4d                                                                            
    [4]                        integral      8     'h25                                                                            
    [5]                        integral      8     'h7d                                                                            
    [6]                        integral      8     'he4                                                                            
    [7]                        integral      8     'h11                                                                            
    [8]                        integral      8     'h59                                                                            
  parity                       integral      8     'h60                                                                            
  begin_time                   time          64    120                                                                             
  depth                        int           32    'd3                                                                             
  parent sequence (name)       string        4     yras                                                                            
  parent sequence (full name)  string        80    uvm_test_top.tb_exhaustive_seq_test.env.agent.sequencer.yapp_exhaustive_seq.yras
  sequencer                    string        55    uvm_test_top.tb_exhaustive_seq_test.env.agent.sequencer                         
-----------------------------------------------------------------------------------------------------------------------------------

UVM_INFO ../sv/yapp_tx_driver.sv(22) @ 130: uvm_test_top.tb_exhaustive_seq_test.env.agent.driver [PACKET INFO] Packet is 
-----------------------------------------------------------------------------------------------------------------------------------
Name                           Type          Size  Value                                                                           
-----------------------------------------------------------------------------------------------------------------------------------
req                            short_packet  -     @4639                                                                           
  length                       integral      6     'h1                                                                             
  addr                         integral      2     'h0                                                                             
  payload                      da(integral)  1     -                                                                               
    [0]                        integral      8     'h5e                                                                            
  parity                       integral      8     'h5a                                                                            
  begin_time                   time          64    130                                                                             
  depth                        int           32    'd3                                                                             
  parent sequence (name)       string        4     yras                                                                            
  parent sequence (full name)  string        80    uvm_test_top.tb_exhaustive_seq_test.env.agent.sequencer.yapp_exhaustive_seq.yras
  sequencer                    string        55    uvm_test_top.tb_exhaustive_seq_test.env.agent.sequencer                         
-----------------------------------------------------------------------------------------------------------------------------------

UVM_INFO ../sv/yapp_tx_seqs.sv(187) @ 140: uvm_test_top.tb_exhaustive_seq_test.env.agent.sequencer@@yapp_exhaustive_seq.yips [yapp_incr_payload_seq] Executing yapp_incr_payload_seq sequence
UVM_INFO ../sv/yapp_tx_driver.sv(22) @ 140: uvm_test_top.tb_exhaustive_seq_test.env.agent.driver [PACKET INFO] Packet is 
-----------------------------------------------------------------------------------------------------------------------------------
Name                           Type          Size  Value                                                                           
-----------------------------------------------------------------------------------------------------------------------------------
req                            short_packet  -     @4871                                                                           
  length                       integral      6     'h3                                                                             
  addr                         integral      2     'h0                                                                             
  payload                      da(integral)  3     -                                                                               
    [0]                        integral      8     'h0                                                                             
    [1]                        integral      8     'h1                                                                             
    [2]                        integral      8     'h2                                                                             
  parity                       integral      8     'hf                                                                             
  begin_time                   time          64    140                                                                             
  depth                        int           32    'd3                                                                             
  parent sequence (name)       string        4     yips                                                                            
  parent sequence (full name)  string        80    uvm_test_top.tb_exhaustive_seq_test.env.agent.sequencer.yapp_exhaustive_seq.yips
  sequencer                    string        55    uvm_test_top.tb_exhaustive_seq_test.env.agent.sequencer                         
-----------------------------------------------------------------------------------------------------------------------------------

UVM_INFO ../sv/yapp_tx_seqs.sv(51) @ 150: uvm_test_top.tb_exhaustive_seq_test.env.agent.sequencer@@yapp_exhaustive_seq [yapp_exhaustive_seq] drop objection
UVM_INFO /opt/coe/cadence/XCELIUM/tools/methodology/UVM/CDNS-1.1d/sv/src/base/uvm_objection.svh(1245) @ 150: reporter [TEST_DONE] All end-of-test objections have been dropped. Calling stop tasks
UVM_INFO /opt/coe/cadence/XCELIUM/tools/methodology/UVM/CDNS-1.1d/sv/src/base/uvm_objection.svh(1268) @ 150: reporter [TEST_DONE] 'run' phase is ready to proceed to the 'extract' phase

--- UVM Report catcher Summary ---


Number of demoted UVM_FATAL reports  :    0
Number of demoted UVM_ERROR reports  :    0
Number of demoted UVM_WARNING reports:    0
Number of caught UVM_FATAL reports   :    0
Number of caught UVM_ERROR reports   :    0
Number of caught UVM_WARNING reports :    0

--- UVM Report Summary ---

** Report counts by severity
UVM_INFO :   68
UVM_WARNING :    0
UVM_ERROR :    0
UVM_FATAL :    0
** Report counts by id
[MONITOR INFO]     2
[PACKET INFO]    20
[PHASESEQ]    26
[RNTST]     1
[TEST_DONE]     2
[UVMTOP]     1
[exhaustive_seq_test]     2
[router_tb]     2
[yapp_012_seq]     1
[yapp_111_seq]     1
[yapp_1_seq]     1
[yapp_5_packets]     4
[yapp_exhaustive_seq]     3
[yapp_incr_payload_seq]     1
[yapp_repeat_addr_seq]     1
Simulation complete via $finish(1) at time 150 NS + 53
/opt/coe/cadence/XCELIUM/tools/methodology/UVM/CDNS-1.1d/sv/src/base/uvm_root.svh:457     $finish;
xcelium> run
xmsim: *E,RNFNSH: Cannot continue simulation due to a previous $finish.
xcelium> ^C
xcelium> exit
TOOL:	xrun(64)	22.03-s012: Exiting on Aug 31, 2025 at 14:41:24 CDT  (total: 00:01:45)
