xrun(64): 22.03-s012: (c) Copyright 1995-2023 Cadence Design Systems, Inc.
TOOL:	xrun(64)	22.03-s012: Started on Aug 30, 2025 at 17:24:15 CDT
xrun
	-f run.f
		-64
		-uvmhome /opt/coe/cadence/XCELIUM/tools/methodology/UVM/CDNS-1.1d/sv
		-incdir ../sv
		../sv/yapp_pkg.sv
		top.sv
Recompiling... reason: file '../sv/yapp_packet.sv' is newer than expected.
	expected: Mon Aug 18 12:06:05 2025
	actual:   Mon Aug 18 17:46:06 2025
Compiling UVM packages (uvm_pkg.sv cdns_uvm_pkg.sv) using uvmhome location /opt/coe/cadence/XCELIUM/tools/methodology/UVM/CDNS-1.1d/sv
		Caching library 'worklib' ....... Done
	Elaborating the design hierarchy:
	Top level design units:
		uvm_pkg
		cdns_uvmapi
		cdns_assert2uvm_pkg
		cdns_uvm_pkg
		yapp_pkg
		top
xmelab: *W,DSEMEL: This SystemVerilog design will be simulated as per IEEE 1800-2009 SystemVerilog simulation semantics. Use -disable_sem2009 option for turning off SV 2009 simulation semantics.
	Building instance overlay tables: .................... Done
	Building instance specific data structures.
	Loading native compiled code:     .................... Done
	Design hierarchy summary:
		                       Instances  Unique
		Modules:                       1       1
		Verilog packages:              5       5
		Registers:                 12818   10069
		Named events:                  4      12
		Initial blocks:              252     146
		Parallel blocks:              26      27
		Assertions:                    2       2
		SV Class declarations:       190     304
		SV Class specializations:    339     339
	Writing initial simulation snapshot: worklib.top:sv
Loading snapshot worklib.top:sv .................... Done
SVSEED default: 1
xmsim: *W,DSEM2009: This SystemVerilog design is simulated as per IEEE 1800-2009 SystemVerilog simulation semantics. Use -disable_sem2009 option for turning off SV 2009 simulation semantics.
xcelium> source /opt/coe/cadence/XCELIUM/tools/xcelium/files/xmsimrc
xcelium> source /opt/coe/cadence/XCELIUM/tools/methodology/UVM/CDNS-1.1d/sv/files/tcl/uvm_sim.tcl
xcelium> run
----------------------------------------------------------------
CDNS-UVM-1.1d (22.03-s012)
(C) 2007-2013 Mentor Graphics Corporation
(C) 2007-2013 Cadence Design Systems, Inc.
(C) 2006-2013 Synopsys, Inc.
(C) 2011-2013 Cypress Semiconductor Corp.
----------------------------------------------------------------

  ***********       IMPORTANT RELEASE NOTES         ************

  You are using a version of the UVM library that has been compiled
  with `UVM_NO_DEPRECATED undefined.
  See http://www.eda.org/svdb/view.php?id=3313 for more details.

  You are using a version of the UVM library that has been compiled
  with `UVM_OBJECT_MUST_HAVE_CONSTRUCTOR undefined.
  See http://www.eda.org/svdb/view.php?id=3770 for more details.

      (Specify +UVM_NO_RELNOTES to turn off this notice)

------------------------------------
Name       Type          Size  Value
------------------------------------
pkt_0      yapp_packet   -     @2539
  length   integral      6     'h14 
  addr     integral      2     'h3  
  payload  da(integral)  20    -    
    [0]    integral      8     'h86 
    [1]    integral      8     'hca 
    [2]    integral      8     'he7 
    [3]    integral      8     'h2  
    [4]    integral      8     'h8a 
    ...    ...           ...   ...  
    [15]   integral      8     'h35 
    [16]   integral      8     'h41 
    [17]   integral      8     'h23 
    [18]   integral      8     'h1f 
    [19]   integral      8     'he6 
  parity   integral      8     'h62 
------------------------------------
------------------------------------
Name       Type          Size  Value
------------------------------------
pkt_1      yapp_packet   -     @2609
  length   integral      6     'h1  
  addr     integral      2     'h0  
  payload  da(integral)  1     -    
    [0]    integral      8     'h10 
  parity   integral      8     'h14 
------------------------------------
------------------------------------
Name       Type          Size  Value
------------------------------------
pkt_2      yapp_packet   -     @2615
  length   integral      6     'h15 
  addr     integral      2     'h1  
  payload  da(integral)  21    -    
    [0]    integral      8     'h24 
    [1]    integral      8     'hbd 
    [2]    integral      8     'h94 
    [3]    integral      8     'h35 
    [4]    integral      8     'h2e 
    ...    ...           ...   ...  
    [16]   integral      8     'h4  
    [17]   integral      8     'hcf 
    [18]   integral      8     'h4  
    [19]   integral      8     'h17 
    [20]   integral      8     'hea 
  parity   integral      8     'hf3 
------------------------------------
------------------------------------
Name       Type          Size  Value
------------------------------------
pkt_3      yapp_packet   -     @2575
  length   integral      6     'h26 
  addr     integral      2     'h1  
  payload  da(integral)  38    -    
    [0]    integral      8     'h87 
    [1]    integral      8     'he6 
    [2]    integral      8     'he3 
    [3]    integral      8     'h33 
    [4]    integral      8     'hac 
    ...    ...           ...   ...  
    [33]   integral      8     'h8b 
    [34]   integral      8     'he7 
    [35]   integral      8     'h97 
    [36]   integral      8     'h25 
    [37]   integral      8     'h3f 
  parity   integral      8     'h22 
------------------------------------
------------------------------------
Name       Type          Size  Value
------------------------------------
pkt_4      yapp_packet   -     @2544
  length   integral      6     'h2b 
  addr     integral      2     'h1  
  payload  da(integral)  43    -    
    [0]    integral      8     'h20 
    [1]    integral      8     'hd  
    [2]    integral      8     'hb1 
    [3]    integral      8     'h15 
    [4]    integral      8     'hbd 
    ...    ...           ...   ...  
    [38]   integral      8     'h7a 
    [39]   integral      8     'h6c 
    [40]   integral      8     'he6 
    [41]   integral      8     'h50 
    [42]   integral      8     'h80 
  parity   integral      8     'h7b 
------------------------------------
xmsim: *W,RNQUIE: Simulation is complete.
xcelium> exit
TOOL:	xrun(64)	22.03-s012: Exiting on Aug 30, 2025 at 17:24:19 CDT  (total: 00:00:04)
